# JRE version: OpenJDK Runtime Environment (8.0_265-b01) (build 1.8.0_265-b01)
# Java VM: OpenJDK 64-Bit Server VM (25.265-b01 mixed mode bsd-amd64 compressed oops)
Heap:
 PSYoungGen      total 239104K, used 104987K [0x000000076ab00000, 0x000000077dd00000, 0x00000007c0000000)
  eden space 223744K, 46% used [0x000000076ab00000,0x0000000771186f38,0x0000000778580000)
  from space 15360K, 0% used [0x0000000778580000,0x0000000778580000,0x0000000779480000)
  to   space 15872K, 0% used [0x000000077cd80000,0x000000077cd80000,0x000000077dd00000)
 ParOldGen       total 223232K, used 20711K [0x00000006c0000000, 0x00000006cda00000, 0x000000076ab00000)
  object space 223232K, 9% used [0x00000006c0000000,0x00000006c1439cb0,0x00000006cda00000)
 Metaspace       used 60495K, capacity 64148K, committed 64384K, reserved 1103872K
  class space    used 8636K, capacity 9241K, committed 9344K, reserved 1048576K
GC Heap History (10 events):
Event: 2.898 GC heap before
{Heap before GC invocations=8 (full 2):
 PSYoungGen      total 169472K, used 10735K [0x000000076ab00000, 0x0000000777e00000, 0x00000007c0000000)
  eden space 158720K, 0% used [0x000000076ab00000,0x000000076ab00000,0x0000000774600000)
  from space 10752K, 99% used [0x0000000775280000,0x0000000775cfbda0,0x0000000775d00000)
  to   space 12800K, 0% used [0x0000000774600000,0x0000000774600000,0x0000000775280000)
 ParOldGen       total 101376K, used 8279K [0x00000006c0000000, 0x00000006c6300000, 0x000000076ab00000)
  object space 101376K, 8% used [0x00000006c0000000,0x00000006c0815d28,0x00000006c6300000)
 Metaspace       used 33446K, capacity 35370K, committed 35456K, reserved 1079296K
  class space    used 4562K, capacity 4933K, committed 4992K, reserved 1048576K
Event: 2.935 GC heap after
Heap after GC invocations=8 (full 2):
 PSYoungGen      total 169472K, used 0K [0x000000076ab00000, 0x0000000777e00000, 0x00000007c0000000)
  eden space 158720K, 0% used [0x000000076ab00000,0x000000076ab00000,0x0000000774600000)
  from space 10752K, 0% used [0x0000000775280000,0x0000000775280000,0x0000000775d00000)
  to   space 12800K, 0% used [0x0000000774600000,0x0000000774600000,0x0000000775280000)
 ParOldGen       total 162816K, used 15924K [0x00000006c0000000, 0x00000006c9f00000, 0x000000076ab00000)
  object space 162816K, 9% used [0x00000006c0000000,0x00000006c0f8d1a8,0x00000006c9f00000)
 Metaspace       used 33446K, capacity 35370K, committed 35456K, reserved 1079296K
  class space    used 4562K, capacity 4933K, committed 4992K, reserved 1048576K
}
Event: 3.650 GC heap before
{Heap before GC invocations=9 (full 2):
 PSYoungGen      total 169472K, used 158720K [0x000000076ab00000, 0x0000000777e00000, 0x00000007c0000000)
  eden space 158720K, 100% used [0x000000076ab00000,0x0000000774600000,0x0000000774600000)
  from space 10752K, 0% used [0x0000000775280000,0x0000000775280000,0x0000000775d00000)
  to   space 12800K, 0% used [0x0000000774600000,0x0000000774600000,0x0000000775280000)
 ParOldGen       total 162816K, used 15924K [0x00000006c0000000, 0x00000006c9f00000, 0x000000076ab00000)
  object space 162816K, 9% used [0x00000006c0000000,0x00000006c0f8d1a8,0x00000006c9f00000)
 Metaspace       used 41382K, capacity 43666K, committed 43904K, reserved 1087488K
  class space    used 5772K, capacity 6191K, committed 6272K, reserved 1048576K
Event: 3.660 GC heap after
Heap after GC invocations=9 (full 2):
 PSYoungGen      total 171520K, used 9118K [0x000000076ab00000, 0x000000077a200000, 0x00000007c0000000)
  eden space 158720K, 0% used [0x000000076ab00000,0x000000076ab00000,0x0000000774600000)
  from space 12800K, 71% used [0x0000000774600000,0x0000000774ee7970,0x0000000775280000)
  to   space 13312K, 0% used [0x0000000779500000,0x0000000779500000,0x000000077a200000)
 ParOldGen       total 162816K, used 15924K [0x00000006c0000000, 0x00000006c9f00000, 0x000000076ab00000)
  object space 162816K, 9% used [0x00000006c0000000,0x00000006c0f8d1a8,0x00000006c9f00000)
 Metaspace       used 41382K, capacity 43666K, committed 43904K, reserved 1087488K
  class space    used 5772K, capacity 6191K, committed 6272K, reserved 1048576K
}
Event: 4.639 GC heap before
{Heap before GC invocations=10 (full 2):
 PSYoungGen      total 171520K, used 167838K [0x000000076ab00000, 0x000000077a200000, 0x00000007c0000000)
  eden space 158720K, 100% used [0x000000076ab00000,0x0000000774600000,0x0000000774600000)
  from space 12800K, 71% used [0x0000000774600000,0x0000000774ee7970,0x0000000775280000)
  to   space 13312K, 0% used [0x0000000779500000,0x0000000779500000,0x000000077a200000)
 ParOldGen       total 162816K, used 15924K [0x00000006c0000000, 0x00000006c9f00000, 0x000000076ab00000)
  object space 162816K, 9% used [0x00000006c0000000,0x00000006c0f8d1a8,0x00000006c9f00000)
 Metaspace       used 51942K, capacity 54488K, committed 54784K, reserved 1095680K
  class space    used 7375K, capacity 7848K, committed 7936K, reserved 1048576K
Event: 4.651 GC heap after
Heap after GC invocations=10 (full 2):
 PSYoungGen      total 237056K, used 13305K [0x000000076ab00000, 0x000000077a380000, 0x00000007c0000000)
  eden space 223744K, 0% used [0x000000076ab00000,0x000000076ab00000,0x0000000778580000)
  from space 13312K, 99% used [0x0000000779500000,0x000000077a1fe508,0x000000077a200000)
  to   space 15360K, 0% used [0x0000000778580000,0x0000000778580000,0x0000000779480000)
 ParOldGen       total 162816K, used 16665K [0x00000006c0000000, 0x00000006c9f00000, 0x000000076ab00000)
  object space 162816K, 10% used [0x00000006c0000000,0x00000006c1046610,0x00000006c9f00000)
 Metaspace       used 51942K, capacity 54488K, committed 54784K, reserved 1095680K
  class space    used 7375K, capacity 7848K, committed 7936K, reserved 1048576K
}
Event: 5.233 GC heap before
{Heap before GC invocations=11 (full 2):
 PSYoungGen      total 237056K, used 106521K [0x000000076ab00000, 0x000000077a380000, 0x00000007c0000000)
  eden space 223744K, 41% used [0x000000076ab00000,0x0000000770608258,0x0000000778580000)
  from space 13312K, 99% used [0x0000000779500000,0x000000077a1fe508,0x000000077a200000)
  to   space 15360K, 0% used [0x0000000778580000,0x0000000778580000,0x0000000779480000)
 ParOldGen       total 162816K, used 16665K [0x00000006c0000000, 0x00000006c9f00000, 0x000000076ab00000)
  object space 162816K, 10% used [0x00000006c0000000,0x00000006c1046610,0x00000006c9f00000)
 Metaspace       used 55776K, capacity 59006K, committed 59096K, reserved 1099776K
  class space    used 7940K, capacity 8489K, committed 8576K, reserved 1048576K
Event: 5.246 GC heap after
Heap after GC invocations=11 (full 2):
 PSYoungGen      total 239104K, used 10791K [0x000000076ab00000, 0x000000077dd00000, 0x00000007c0000000)
  eden space 223744K, 0% used [0x000000076ab00000,0x000000076ab00000,0x0000000778580000)
  from space 15360K, 70% used [0x0000000778580000,0x0000000779009ec0,0x0000000779480000)
  to   space 15872K, 0% used [0x000000077cd80000,0x000000077cd80000,0x000000077dd00000)
 ParOldGen       total 162816K, used 16673K [0x00000006c0000000, 0x00000006c9f00000, 0x000000076ab00000)
  object space 162816K, 10% used [0x00000006c0000000,0x00000006c1048610,0x00000006c9f00000)
 Metaspace       used 55776K, capacity 59006K, committed 59096K, reserved 1099776K
  class space    used 7940K, capacity 8489K, committed 8576K, reserved 1048576K
}
Event: 5.246 GC heap before
{Heap before GC invocations=12 (full 3):
 PSYoungGen      total 239104K, used 10791K [0x000000076ab00000, 0x000000077dd00000, 0x00000007c0000000)
  eden space 223744K, 0% used [0x000000076ab00000,0x000000076ab00000,0x0000000778580000)
  from space 15360K, 70% used [0x0000000778580000,0x0000000779009ec0,0x0000000779480000)
  to   space 15872K, 0% used [0x000000077cd80000,0x000000077cd80000,0x000000077dd00000)
 ParOldGen       total 162816K, used 16673K [0x00000006c0000000, 0x00000006c9f00000, 0x000000076ab00000)
  object space 162816K, 10% used [0x00000006c0000000,0x00000006c1048610,0x00000006c9f00000)
 Metaspace       used 55776K, capacity 59006K, committed 59096K, reserved 1099776K
  class space    used 7940K, capacity 8489K, committed 8576K, reserved 1048576K
Event: 5.349 GC heap after
Heap after GC invocations=12 (full 3):
 PSYoungGen      total 239104K, used 0K [0x000000076ab00000, 0x000000077dd00000, 0x00000007c0000000)
  eden space 223744K, 0% used [0x000000076ab00000,0x000000076ab00000,0x0000000778580000)
  from space 15360K, 0% used [0x0000000778580000,0x0000000778580000,0x0000000779480000)
  to   space 15872K, 0% used [0x000000077cd80000,0x000000077cd80000,0x000000077dd00000)
 ParOldGen       total 223232K, used 20711K [0x00000006c0000000, 0x00000006cda00000, 0x000000076ab00000)
  object space 223232K, 9% used [0x00000006c0000000,0x00000006c1439cb0,0x00000006cda00000)
 Metaspace       used 55776K, capacity 59006K, committed 59096K, reserved 1099776K
  class space    used 7940K, capacity 8489K, committed 8576K, reserved 1048576K
}

